0 [4083558464] INFO perfrun.launcher <> - Launcher main begin
2 [4083558464] INFO perfrun.launcher <> - MessageCatalogInit finished
2 [4083558464] INFO perfrun.launcher <> - Launcher instance created
2 [4083558464] INFO perfrun.launcher <> - argc = 6; cmdline = /opt/intel/oneapi/vtune/2025.0/bin32/amplxe-runss -dump-vdso -r /home/codespace/rag-multicloud-deployment/vtune_results --tmp-dir /tmp/amplxe-tmp-codespace 
7 [4083558464] INFO perfrun.launcher <> - create msngr2::ICliToolContext
7 [4083558464] INFO perfrun.launcher <> - create file finder object
8 [4082928448] INFO perfrun.launcher <> - plugin [remoteplug] was disabled because it doesn't support the given collection type.
8 [4082928448] INFO perfrun.launcher <> - plugin [] was disabled because it doesn't support the given collection type.
8 [4082928448] INFO perfrun.vdso <> - dumping [vdso] pseudomodule
9 [4082928448] INFO perfrun.launcher <> - plugin [] was disabled because it doesn't support the given collection type.
9 [4082928448] INFO perfrun.launcher <> - plugin [] was disabled because it doesn't support the given collection type.
9 [4082928448] INFO perfrun.launcher <> - plugin [] was disabled because it doesn't support the given collection type.
9 [4082928448] INFO perfrun.launcher <> - plugin [] was disabled because it doesn't support the given collection type.
9 [4082928448] INFO perfrun.launcher <> - plugin [] was disabled because it doesn't support the given collection type.
9 [4082928448] INFO perfrun.launcher <> - plugin [] was disabled because it doesn't support the given collection type.
9 [4082928448] INFO perfrun.launcher <> - plugin [] was disabled because it doesn't support the given collection type.
9 [4082928448] INFO perfrun.launcher <> - plugin [] was disabled because it doesn't support the given collection type.
9 [4082928448] INFO perfrun.launcher <> - plugin [] was disabled because it doesn't support the given collection type.
9 [4082928448] INFO perfrun.launcher <> - plugin [] was disabled because it doesn't support the given collection type.
9 [4082928448] INFO perfrun.launcher <> - plugin [] was disabled because it doesn't support the given collection type.
9 [4082928448] INFO perfrun.launcher <> - plugin [] was disabled because it doesn't support the given collection type.
9 [4082928448] INFO perfrun.launcher <> - plugin [] was disabled because it doesn't support the given collection type.
9 [4082928448] INFO perfrun.launcher <> - plugin [] was disabled because it doesn't support the given collection type.
9 [4082928448] INFO perfrun.launcher <> - plugin [] was disabled because it doesn't support the given collection type.
9 [4082928448] INFO perfrun.launcher <> - plugin [] was disabled because it doesn't support the given collection type.
9 [4082928448] INFO perfrun.launcher <> - plugin [] was disabled because it doesn't support the given collection type.
9 [4082928448] INFO perfrun.launcher <> - plugin [] was disabled because it doesn't support the given collection type.
9 [4082928448] INFO perfrun.launcher <> - plugin [] was disabled because it doesn't support the given collection type.
9 [4082928448] INFO perfrun.launcher <> - plugin [] was disabled because it doesn't support the given collection type.
9 [4082928448] INFO perfrun.launcher <> - plugin [] was disabled because it doesn't support the given collection type.
9 [4082928448] INFO perfrun.launcher <> - plugin [] was disabled because it doesn't support the given collection type.
9 [4082928448] INFO perfrun.launcher <> - plugin [] was disabled because it doesn't support the given collection type.
9 [4082928448] INFO perfrun.launcher <> - plugin [] was disabled because it doesn't support the given collection type.
9 [4083558464] INFO perfrun.launcher <> - Application exit code: 0
9 [4083558464] INFO perfrun.launcher <> - Exit code: 0
