0 [139173911480128] INFO perfrun.launcher <> - Launcher main begin
1 [139173911480128] INFO perfrun.launcher <> - MessageCatalogInit finished
1 [139173911480128] INFO perfrun.launcher <> - Launcher instance created
1 [139173911480128] INFO perfrun.launcher <> - argc = 7; cmdline = /opt/intel/oneapi/vtune/2025.0/bin64/amplxe-runss --ui-output-format xml --ui-output-fd 5 --option-file /home/codespace/rag-multicloud-deployment/vtune_results/config/runss.options 
23 [139173911480128] INFO perfrun.perfcollector <> - SEP tool path: /opt/intel/oneapi/vtune/2025.0/bin64/sep
31 [139173911480128] INFO perfrun.launcher <> - create msngr2::ICliToolContext
31 [139173911480128] INFO perfrun.launcher <> - create file finder object
32 [139173911480128] INFO perfrun.launcher <> - create a result directory: pattern = /home/codespace/rag-multicloud-deployment/vtune_results pid = 4294967295
32 [139173911480128] INFO perfrun.sdk <> - checked that the directory /home/codespace/rag-multicloud-deployment/vtune_results is a local directory
32 [139173911480128] INFO perfrun.sdk <> - the directory /home/codespace/rag-multicloud-deployment/vtune_results is a local directory with FS type ID 2035054128
32 [139173911480128] INFO perfrun.launcher <> - create data directory = /home/codespace/rag-multicloud-deployment/vtune_results/data.0
32 [139173911480128] INFO perfrun.launcher <> - Creating the master collection flag
35 [139173911480128] INFO perfrun.launcher <> - Done creating the master collection flag
36 [139173901965056] INFO perfrun.launcher <> - plugin [remoteplug] was disabled because it doesn't support the given collection type.
36 [139173901965056] INFO perfrun.sdk <> - Allocating TMU :/home/codespace/rag-multicloud-deployment/vtune_results/data.0/systemcollector-11141-codespaces-7f4b67.sc
36 [139173901965056] INFO perfrun.system <> - Tpss based collection
36 [139173901965056] INFO perfrun.launcher <> - plugin [ptracecollector] was disabled because it doesn't support the given collection type.
36 [139173901965056] INFO perfrun.launcher <> - plugin [gpu] was disabled because it doesn't support the given collection type.
36 [139173901965056] INFO perfrun.launcher <> - plugin [] was disabled because it doesn't support the given collection type.
36 [139173901965056] INFO perfrun.launcher <> - plugin [] was disabled because it doesn't support the given collection type.
36 [139173901965056] INFO perfrun.launcher <> - plugin [] was disabled because it doesn't support the given collection type.
36 [139173901965056] INFO perfrun.mrte <> - system-wide mode is 0
36 [139173901965056] INFO perfrun.mrte <> - Getting  mrte profiling environment ...
48 [139173901965056] INFO perfrun.mrte <> - INTEL_MRTE_DATA_DIR=/home/codespace/rag-multicloud-deployment/vtune_results/data.0
48 [139173901965056] INFO perfrun.mrte <> - INTEL_MRTE_HOST_NAME=codespaces-7f4b67
48 [139173901965056] INFO perfrun.mrte <> - JAVA_TOOL_OPTIONS=-agentlib:amplxe_samplingmrte_javaprof_1.0 -Dsun.boot.library.path=/opt/intel/oneapi/vtune/2025.0/lib32/runtime:/opt/intel/oneapi/vtune/2025.0/lib64/runtime
48 [139173901965056] INFO perfrun.mrte <> - LD_LIBRARY_PATH=/opt/intel/oneapi/vtune/2025.0/lib32/runtime:/opt/intel/oneapi/vtune/2025.0/lib64/runtime
48 [139173901965056] INFO perfrun.mrte <> - CORECLR_ENABLE_PROFILING=1
48 [139173901965056] INFO perfrun.mrte <> - CORECLR_PROFILER={AA5E4821-E3B1-479c-B7FF-5AD047D22CED}
48 [139173901965056] INFO perfrun.mrte <> - CORECLR_PROFILER_PATH=/opt/intel/oneapi/vtune/2025.0/lib64/libamplxe_samplingmrte_clrprof_1.0.so
48 [139173901965056] INFO perfrun.mrte <> - INTEL_MRTE_PROFILER_MODE=mixed
48 [139173901965056] INFO perfrun.mrte <> - Data directory: /home/codespace/rag-multicloud-deployment/vtune_results/data.0
48 [139173901965056] INFO perfrun.mrte <> - Mrte plugin is initialized
48 [139173901965056] INFO perfrun.launcher <> - plugin [emon] was disabled because it doesn't support the given collection type.
48 [139173901965056] INFO perfrun.launcher <> - plugin [cuscol] was disabled because it doesn't support the given collection type.
48 [139173901965056] INFO perfrun.launcher <> - plugin [stdsrc] was disabled because it doesn't support the given collection type.
48 [139173901965056] INFO perfrun.launcher <> - plugin [sep] was disabled because it doesn't support the given collection type.
48 [139173901965056] INFO perfrun.launcher <> - plugin [vtsspp] was disabled because it doesn't support the given collection type.
48 [139173901965056] INFO perfrun.launcher <> - plugin [perf] was disabled because it doesn't support the given collection type.
48 [139173901965056] INFO perfrun.launcher <> - plugin [aoclprofile] was disabled because it doesn't support the given collection type.
48 [139173901965056] INFO perfrun.tpss <> - initialize tpss controller
48 [139173901965056] INFO perfrun.tpss <> - configure collection mode: value = cpu:counters:nostack
48 [139173901965056] INFO perfrun.tpss <> - configure collection mode: value = cpu:stack
48 [139173901965056] INFO perfrun.tpss <> - default obj-size-min=1024
48 [139173901965056] INFO perfrun.tpss <> - default hash-table-size=0
48 [139173901965056] INFO perfrun.launcher <> - plugin [media] was disabled because it doesn't support the given collection type.
48 [139173901965056] INFO perfrun.launcher <> - plugin [] was disabled because it doesn't support the given collection type.
48 [139173901965056] INFO perfrun.launcher <> - plugin [] was disabled because it doesn't support the given collection type.
48 [139173901965056] INFO perfrun.launcher <> - plugin [parallelfs] was disabled because it doesn't support the given collection type.
48 [139173901965056] INFO perfrun.launcher <> - plugin [power] was disabled because it doesn't support the given collection type.
48 [139173901965056] INFO perfrun.launcher <> - plugin [] was disabled because it doesn't support the given collection type.
48 [139173901965056] INFO perfrun.launcher <> - plugin [ipmwatch] was disabled because it doesn't support the given collection type.
48 [139173901965056] INFO perfrun.launcher <> - plugin [os_counters] was disabled because it doesn't support the given collection type.
48 [139173901965056] INFO perfrun.launcher <> - plugin [l0_metrics] was disabled because it doesn't support the given collection type.
49 [139173911480128] INFO perfrun.launcher <> - set environment variable: LD_LIBRARY_PATH = /opt/intel/oneapi/vtune/2025.0/lib32/runtime:/opt/intel/oneapi/vtune/2025.0/lib64/runtime
49 [139173911480128] INFO perfrun.launcher <> - set environment variable: INTEL_LIBITTNOTIFY32 = /opt/intel/oneapi/vtune/2025.0/lib32/runtime/libittnotify_collector.so
49 [139173911480128] INFO perfrun.launcher <> - set environment variable: INTEL_LIBITTNOTIFY64 = /opt/intel/oneapi/vtune/2025.0/lib64/runtime/libittnotify_collector.so
49 [139173911480128] INFO perfrun.launcher <> - set environment variable: INTEL_ITTNOTIFY_GROUPS = 
49 [139173911480128] INFO perfrun.launcher <> - set environment variable: INTEL_JIT_PROFILER32 = /opt/intel/oneapi/vtune/2025.0/lib32/runtime/libittnotify_collector.so
49 [139173911480128] INFO perfrun.launcher <> - set environment variable: INTEL_JIT_PROFILER64 = /opt/intel/oneapi/vtune/2025.0/lib64/runtime/libittnotify_collector.so
49 [139173911480128] INFO perfrun.launcher <> - set environment variable: CCL_ITT_LEVEL = 1
49 [139173911480128] INFO perfrun.launcher <> - set environment variable: ENABLE_JITPROFILING = 1
49 [139173911480128] INFO perfrun.launcher <> - set environment variable: CL_CONFIG_USE_VTUNE = True
49 [139173911480128] INFO perfrun.launcher <> - set environment variable: KMP_FORKJOIN_FRAMES = 0
49 [139173911480128] INFO perfrun.launcher <> - set environment variable: KMP_FORKJOIN_FRAMES_MODE = 0
49 [139173911480128] INFO perfrun.launcher <> - set environment variable: INTEL_MRTE_DATA_DIR = /home/codespace/rag-multicloud-deployment/vtune_results/data.0
49 [139173911480128] INFO perfrun.launcher <> - set environment variable: INTEL_MRTE_HOST_NAME = codespaces-7f4b67
50 [139173911480128] INFO perfrun.launcher <> - set environment variable: JAVA_TOOL_OPTIONS = -agentlib:amplxe_samplingmrte_javaprof_1.0 -Dsun.boot.library.path=/opt/intel/oneapi/vtune/2025.0/lib32/runtime:/opt/intel/oneapi/vtune/2025.0/lib64/runtime
50 [139173911480128] INFO perfrun.launcher <> - set environment variable: LD_LIBRARY_PATH = /opt/intel/oneapi/vtune/2025.0/lib32/runtime:/opt/intel/oneapi/vtune/2025.0/lib64/runtime
50 [139173911480128] INFO perfrun.launcher <> - set environment variable: CORECLR_ENABLE_PROFILING = 1
50 [139173911480128] INFO perfrun.launcher <> - set environment variable: CORECLR_PROFILER = {AA5E4821-E3B1-479c-B7FF-5AD047D22CED}
50 [139173911480128] INFO perfrun.launcher <> - set environment variable: CORECLR_PROFILER_PATH = /opt/intel/oneapi/vtune/2025.0/lib64/libamplxe_samplingmrte_clrprof_1.0.so
50 [139173911480128] INFO perfrun.launcher <> - set environment variable: INTEL_MRTE_PROFILER_MODE = mixed
50 [139173911480128] INFO perfrun.launcher <> - RpcServer: run RPC server to handle requests
50 [139173911480128] INFO perfrun.launcher <> - Launcher: command line to start before modification = python matrix_mul.py
50 [139173911480128] INFO perfrun.launcher <> - Launcher: command line to start after modification = /opt/intel/oneapi/vtune/2025.0/bin64/pin -error_file /home/codespace/rag-multicloud-deployment/vtune_results/data.0/pinerr.tpsslog -detach_reattach -follow_execv -tool_load_option deepbind -t64 /opt/intel/oneapi/vtune/2025.0/lib64/libtpsstool.so -t /opt/intel/oneapi/vtune/2025.0/lib32/libtpsstool.so -server_name tpss_ipc.11141 -prd_dir /opt/intel/oneapi/vtune/2025.0 -- python matrix_mul.py
50 [139173911480128] INFO perfrun.launcher <> - ProcessCreator object was created
51 [139173911480128] INFO perfrun.launcher <> - Launcher: the process was started in suspend mode
53 [139173901965056] WARN perfrun.system <> - Folder "/sys/kernel/debug/kvm"doesn't exist, at file: vcs/perfrun1/plugins/system/src/trace_writer.cpp:720
53 [139173901965056] WARN perfrun.system <> - Folder "/var/run/libvirt/qemu/"doesn't exist, at file: vcs/perfrun1/plugins/system/src/trace_writer.cpp:800
53 [139173901965056] WARN perfrun.sdk <> - Failed to find xl binary on any of the system paths: /bin, /sbin, /usr/bin, /usr/sbin., at file: vcs/perfrun1/sdk/src/utils.cpp:205
54 [139173901965056] WARN perfrun.system <> - Could not start ContainerMapping collector, at file: vcs/perfrun1/plugins/system/src/controller.cpp:450
105 [139173901965056] INFO perfrun.vdso <> - Helper runtool '/opt/intel/oneapi/vtune/2025.0/bin32/amplxe-runss -dump-vdso -r /home/codespace/rag-multicloud-deployment/vtune_results --tmp-dir /tmp/amplxe-tmp-codespace' returned 0
151 [139173901965056] INFO perfrun.vdso <> - Helper runtool '/opt/intel/oneapi/vtune/2025.0/bin64/amplxe-runss -dump-vdso -r /home/codespace/rag-multicloud-deployment/vtune_results --tmp-dir /tmp/amplxe-tmp-codespace' returned 0
151 [139173901965056] INFO perfrun.itt <> - start itt controller for pid #11146
151 [139173901965056] INFO perfrun.tpss <> - start tpss controller for pid #11146
201 [139173911480128] INFO perfrun.launcher <> - Launcher: all plugins were started
201 [139173911480128] INFO perfrun.launcher <> - DirectoryMonitor object was created
201 [139173911480128] INFO perfrun.launcher <> - DirectoryMonitor: a callback was added
201 [139173911480128] INFO perfrun.launcher <> - DirectoryMonitor was started with pingTime = 1000
201 [139173911480128] INFO perfrun.launcher <> - DeadlineTimer is going to be constructed
202 [139173911480128] INFO perfrun.launcher <> - DeadlineTimer: a callback was added
206 [139173911480128] INFO perfrun.launcher <> - Launcher: resume the profiled application and  wait its termination or stop command
2949 [139173911480128] INFO perfrun.launcher <> - Launcher: the profiled application was terminated  with exit code = 0
2953 [139173901965056] INFO perfrun.itt <> - detach itt controller
2953 [139173901965056] INFO perfrun.itt <> - detach itt controller done
2953 [139173901965056] INFO perfrun.tpss <> - stop tpss controller
2954 [139173901965056] INFO perfrun.sdk <> - De-allocating TMU: /home/codespace/rag-multicloud-deployment/vtune_results/data.0/systemcollector-11141-codespaces-7f4b67.sc
2954 [139173901965056] INFO perfrun.system <> - closed the system trace file: /home/codespace/rag-multicloud-deployment/vtune_results/data.0/systemcollector-11141-codespaces-7f4b67.sc
2954 [139173911480128] INFO perfrun.launcher <> - Launcher: all plugins were stopped.
2954 [139173911480128] INFO perfrun.launcher <> - DeadlineTimer is going to be destroyed
2954 [139173911480128] INFO perfrun.launcher <> - DeadlineTimer was destroyed
2954 [139173911480128] INFO perfrun.launcher <> - DirectoryMonitor object was destroyed
2954 [139173911480128] WARN perfrun.launcher <> - Stop command is ignored because it is received when collection is already stopped, at file: vcs/perfrun1/launcher/src/command_handler.cpp:226
2955 [139173911480128] INFO perfrun.launcher <> - Application exit code: 0
2955 [139173911480128] INFO perfrun.launcher <> - Exit code: 0
